2024-11-22T21:50:21.381+07:00  INFO 27448 --- [Social-application] [main] c.e.socialapplication.SocialApplication  : Starting SocialApplication using Java 21.0.2 with PID 27448 (E:\NTB Source Code\Back-end\Spring Boot\Social-application-Backend\target\classes started by ntb09 in E:\NTB Source Code\Back-end\Spring Boot\Social-application-Backend)
2024-11-22T21:50:21.395+07:00  INFO 27448 --- [Social-application] [main] c.e.socialapplication.SocialApplication  : No active profile set, falling back to 1 default profile: "default"
2024-11-22T21:50:22.781+07:00  INFO 27448 --- [Social-application] [main] .s.d.r.c.RepositoryConfigurationDelegate : Multiple Spring Data modules found, entering strict repository configuration mode
2024-11-22T21:50:22.785+07:00  INFO 27448 --- [Social-application] [main] .s.d.r.c.RepositoryConfigurationDelegate : Bootstrapping Spring Data JPA repositories in DEFAULT mode.
2024-11-22T21:50:23.093+07:00  INFO 27448 --- [Social-application] [main] .s.d.r.c.RepositoryConfigurationDelegate : Finished Spring Data repository scanning in 286 ms. Found 8 JPA repository interfaces.
2024-11-22T21:50:23.132+07:00  INFO 27448 --- [Social-application] [main] .s.d.r.c.RepositoryConfigurationDelegate : Multiple Spring Data modules found, entering strict repository configuration mode
2024-11-22T21:50:23.133+07:00  INFO 27448 --- [Social-application] [main] .s.d.r.c.RepositoryConfigurationDelegate : Bootstrapping Spring Data Redis repositories in DEFAULT mode.
2024-11-22T21:50:23.156+07:00  INFO 27448 --- [Social-application] [main] .RepositoryConfigurationExtensionSupport : Spring Data Redis - Could not safely identify store assignment for repository candidate interface com.example.socialapplication.repositories.CommentsRepository; If you want this repository to be a Redis repository, consider annotating your entities with one of these annotations: org.springframework.data.redis.core.RedisHash (preferred), or consider extending one of the following types with your repository: org.springframework.data.keyvalue.repository.KeyValueRepository
2024-11-22T21:50:23.156+07:00  INFO 27448 --- [Social-application] [main] .RepositoryConfigurationExtensionSupport : Spring Data Redis - Could not safely identify store assignment for repository candidate interface com.example.socialapplication.repositories.MediaRepository; If you want this repository to be a Redis repository, consider annotating your entities with one of these annotations: org.springframework.data.redis.core.RedisHash (preferred), or consider extending one of the following types with your repository: org.springframework.data.keyvalue.repository.KeyValueRepository
2024-11-22T21:50:23.157+07:00  INFO 27448 --- [Social-application] [main] .RepositoryConfigurationExtensionSupport : Spring Data Redis - Could not safely identify store assignment for repository candidate interface com.example.socialapplication.repositories.MessageRepository; If you want this repository to be a Redis repository, consider annotating your entities with one of these annotations: org.springframework.data.redis.core.RedisHash (preferred), or consider extending one of the following types with your repository: org.springframework.data.keyvalue.repository.KeyValueRepository
2024-11-22T21:50:23.157+07:00  INFO 27448 --- [Social-application] [main] .RepositoryConfigurationExtensionSupport : Spring Data Redis - Could not safely identify store assignment for repository candidate interface com.example.socialapplication.repositories.OTP_ResetPasswordRepository; If you want this repository to be a Redis repository, consider annotating your entities with one of these annotations: org.springframework.data.redis.core.RedisHash (preferred), or consider extending one of the following types with your repository: org.springframework.data.keyvalue.repository.KeyValueRepository
2024-11-22T21:50:23.157+07:00  INFO 27448 --- [Social-application] [main] .RepositoryConfigurationExtensionSupport : Spring Data Redis - Could not safely identify store assignment for repository candidate interface com.example.socialapplication.repositories.PostsRepository; If you want this repository to be a Redis repository, consider annotating your entities with one of these annotations: org.springframework.data.redis.core.RedisHash (preferred), or consider extending one of the following types with your repository: org.springframework.data.keyvalue.repository.KeyValueRepository
2024-11-22T21:50:23.158+07:00  INFO 27448 --- [Social-application] [main] .RepositoryConfigurationExtensionSupport : Spring Data Redis - Could not safely identify store assignment for repository candidate interface com.example.socialapplication.repositories.ReactionsRepository; If you want this repository to be a Redis repository, consider annotating your entities with one of these annotations: org.springframework.data.redis.core.RedisHash (preferred), or consider extending one of the following types with your repository: org.springframework.data.keyvalue.repository.KeyValueRepository
2024-11-22T21:50:23.158+07:00  INFO 27448 --- [Social-application] [main] .RepositoryConfigurationExtensionSupport : Spring Data Redis - Could not safely identify store assignment for repository candidate interface com.example.socialapplication.repositories.SharesPostsRepository; If you want this repository to be a Redis repository, consider annotating your entities with one of these annotations: org.springframework.data.redis.core.RedisHash (preferred), or consider extending one of the following types with your repository: org.springframework.data.keyvalue.repository.KeyValueRepository
2024-11-22T21:50:23.158+07:00  INFO 27448 --- [Social-application] [main] .RepositoryConfigurationExtensionSupport : Spring Data Redis - Could not safely identify store assignment for repository candidate interface com.example.socialapplication.repositories.UsersRepository; If you want this repository to be a Redis repository, consider annotating your entities with one of these annotations: org.springframework.data.redis.core.RedisHash (preferred), or consider extending one of the following types with your repository: org.springframework.data.keyvalue.repository.KeyValueRepository
2024-11-22T21:50:23.158+07:00  INFO 27448 --- [Social-application] [main] .s.d.r.c.RepositoryConfigurationDelegate : Finished Spring Data repository scanning in 12 ms. Found 0 Redis repository interfaces.
2024-11-22T21:50:24.319+07:00  INFO 27448 --- [Social-application] [main] o.s.b.w.embedded.tomcat.TomcatWebServer  : Tomcat initialized with port 8083 (http)
2024-11-22T21:50:24.334+07:00  INFO 27448 --- [Social-application] [main] o.apache.catalina.core.StandardService   : Starting service [Tomcat]
2024-11-22T21:50:24.334+07:00  INFO 27448 --- [Social-application] [main] o.apache.catalina.core.StandardEngine    : Starting Servlet engine: [Apache Tomcat/10.1.19]
2024-11-22T21:50:24.444+07:00  INFO 27448 --- [Social-application] [main] o.a.c.c.C.[Tomcat].[localhost].[/]       : Initializing Spring embedded WebApplicationContext
2024-11-22T21:50:24.445+07:00  INFO 27448 --- [Social-application] [main] w.s.c.ServletWebServerApplicationContext : Root WebApplicationContext: initialization completed in 2997 ms
2024-11-22T21:50:24.986+07:00  INFO 27448 --- [Social-application] [main] com.zaxxer.hikari.HikariDataSource       : HikariPool-1 - Starting...
2024-11-22T21:50:25.832+07:00  INFO 27448 --- [Social-application] [main] com.zaxxer.hikari.pool.HikariPool        : HikariPool-1 - Added connection com.mysql.cj.jdbc.ConnectionImpl@2619cb76
2024-11-22T21:50:25.834+07:00  INFO 27448 --- [Social-application] [main] com.zaxxer.hikari.HikariDataSource       : HikariPool-1 - Start completed.
2024-11-22T21:50:25.983+07:00  INFO 27448 --- [Social-application] [main] o.f.c.internal.license.VersionPrinter    : Flyway Community Edition 9.22.3 by Redgate
2024-11-22T21:50:25.983+07:00  INFO 27448 --- [Social-application] [main] o.f.c.internal.license.VersionPrinter    : See release notes here: https://rd.gt/416ObMi
2024-11-22T21:50:25.983+07:00  INFO 27448 --- [Social-application] [main] o.f.c.internal.license.VersionPrinter    : 
2024-11-22T21:50:26.052+07:00  INFO 27448 --- [Social-application] [main] org.flywaydb.core.FlywayExecutor         : Database: jdbc:mysql://localhost:3306/social-application (MySQL 8.0)
2024-11-22T21:50:26.170+07:00  INFO 27448 --- [Social-application] [main] o.f.core.internal.command.DbValidate     : Successfully validated 3 migrations (execution time 00:00.069s)
2024-11-22T21:50:26.187+07:00  INFO 27448 --- [Social-application] [main] o.f.core.internal.command.DbMigrate      : Current version of schema `social-application`: 3
2024-11-22T21:50:26.193+07:00  INFO 27448 --- [Social-application] [main] o.f.core.internal.command.DbMigrate      : Schema `social-application` is up to date. No migration necessary.
2024-11-22T21:50:29.081+07:00  INFO 27448 --- [Social-application] [main] o.s.d.j.r.query.QueryEnhancerFactory     : Hibernate is in classpath; If applicable, HQL parser will be used.
2024-11-22T21:50:32.163+07:00  INFO 27448 --- [Social-application] [main] o.s.s.web.DefaultSecurityFilterChain     : Will secure any request with [org.springframework.security.web.session.DisableEncodeUrlFilter@39093a4a, org.springframework.security.web.context.request.async.WebAsyncManagerIntegrationFilter@6bbced25, org.springframework.security.web.context.SecurityContextHolderFilter@650c9a94, org.springframework.security.web.header.HeaderWriterFilter@7db205ba, org.springframework.web.filter.CorsFilter@3b5811d3, org.springframework.security.web.authentication.logout.LogoutFilter@4df1e60, org.springframework.security.web.savedrequest.RequestCacheAwareFilter@2bae60e8, org.springframework.security.web.servletapi.SecurityContextHolderAwareRequestFilter@75321ba4, org.springframework.security.web.authentication.AnonymousAuthenticationFilter@3362b33c, org.springframework.security.web.session.SessionManagementFilter@10fec61, org.springframework.security.web.access.ExceptionTranslationFilter@64ea9235, org.springframework.security.web.access.intercept.AuthorizationFilter@239e7554]
2024-11-22T21:50:33.091+07:00  INFO 27448 --- [Social-application] [main] o.s.b.w.embedded.tomcat.TomcatWebServer  : Tomcat started on port 8083 (http) with context path ''
2024-11-22T21:50:33.093+07:00  INFO 27448 --- [Social-application] [main] o.s.m.s.b.SimpleBrokerMessageHandler     : Starting...
2024-11-22T21:50:33.097+07:00  INFO 27448 --- [Social-application] [main] o.s.m.s.b.SimpleBrokerMessageHandler     : BrokerAvailabilityEvent[available=true, SimpleBrokerMessageHandler [org.springframework.messaging.simp.broker.DefaultSubscriptionRegistry@3d25ef62]]
2024-11-22T21:50:33.097+07:00  INFO 27448 --- [Social-application] [main] o.s.m.s.b.SimpleBrokerMessageHandler     : Started.
2024-11-22T21:50:33.109+07:00  INFO 27448 --- [Social-application] [main] c.e.socialapplication.SocialApplication  : Started SocialApplication in 12.274 seconds (process running for 18.335)
2024-11-22T21:50:34.049+07:00  INFO 27448 --- [Social-application] [http-nio-8083-exec-1] o.a.c.c.C.[Tomcat].[localhost].[/]       : Initializing Spring DispatcherServlet 'dispatcherServlet'
2024-11-22T21:50:34.049+07:00  INFO 27448 --- [Social-application] [http-nio-8083-exec-1] o.s.web.servlet.DispatcherServlet        : Initializing Servlet 'dispatcherServlet'
2024-11-22T21:50:34.051+07:00  INFO 27448 --- [Social-application] [http-nio-8083-exec-1] o.s.web.servlet.DispatcherServlet        : Completed initialization in 1 ms
2024-11-22T21:50:35.747+07:00  INFO 27448 --- [Social-application] [http-nio-8083-exec-9] o.springdoc.api.AbstractOpenApiResource  : Init duration for springdoc-openapi is: 1411 ms
2024-11-22T21:50:50.868+07:00 ERROR 27448 --- [Social-application] [http-nio-8083-exec-4] c.e.s.service.Impl.UsersServiceImpl      : --LOGIN FAILED FOR USER: null
2024-11-22T21:50:53.319+07:00 ERROR 27448 --- [Social-application] [http-nio-8083-exec-6] c.e.s.service.Impl.UsersServiceImpl      : --LOGIN FAILED FOR USER: null
2024-11-22T21:51:33.063+07:00  INFO 27448 --- [Social-application] [MessageBroker-1] o.s.w.s.c.WebSocketMessageBrokerStats    : WebSocketSession[0 current WS(0)-HttpStream(0)-HttpPoll(0), 0 total, 0 closed abnormally (0 connect failure, 0 send limit, 0 transport error)], stompSubProtocol[processed CONNECT(0)-CONNECTED(0)-DISCONNECT(0)], stompBrokerRelay[null], inboundChannel[pool size = 0, active threads = 0, queued tasks = 0, completed tasks = 0], outboundChannel[pool size = 0, active threads = 0, queued tasks = 0, completed tasks = 0], sockJsScheduler[pool size = 1, active threads = 1, queued tasks = 0, completed tasks = 0]
2024-11-22T21:52:35.380+07:00  INFO 27448 --- [Social-application] [http-nio-8083-exec-2] c.e.s.service.Impl.UsersServiceImpl      : --LOGIN SUCCESSFUL FOR USER-- : thanhbaoz
2024-11-22T21:53:09.598+07:00 ERROR 27448 --- [Social-application] [http-nio-8083-exec-8] c.e.s.service.Impl.UsersServiceImpl      : --LOGIN FAILED FOR USER: null
2024-11-22T21:53:31.193+07:00  INFO 27448 --- [Social-application] [http-nio-8083-exec-2] c.e.s.service.Impl.FollowServiceImpl     : Đang lấy danh sách người dùng chưa theo dõi của 'thanhbaoz'
2024-11-22T21:53:31.195+07:00  INFO 27448 --- [Social-application] [http-nio-8083-exec-10] c.e.s.service.Impl.FollowServiceImpl     : Số lượng người theo dõi của 'thanhbaoz' là: 3
2024-11-22T21:53:31.368+07:00  INFO 27448 --- [Social-application] [http-nio-8083-exec-2] c.e.s.service.Impl.FollowServiceImpl     : Danh sách người dùng chưa theo dõi của 'thanhbaoz' đã được lấy
2024-11-22T21:53:31.368+07:00  INFO 27448 --- [Social-application] [http-nio-8083-exec-9] c.e.s.service.Impl.FollowServiceImpl     : Đang lấy danh sách người dùng đang theo dõi của 'thanhbaoz'
2024-11-22T21:53:31.391+07:00  INFO 27448 --- [Social-application] [http-nio-8083-exec-8] c.e.s.service.Impl.PostsServiceImpl      : Retrieved java.util.stream.ReferencePipeline$Head@901652e posts
2024-11-22T21:53:31.516+07:00  INFO 27448 --- [Social-application] [http-nio-8083-exec-9] c.e.s.service.Impl.FollowServiceImpl     : Danh sách người dùng đang theo dõi của 'thanhbaoz' đã được lấy
2024-11-22T21:53:31.533+07:00  INFO 27448 --- [Social-application] [http-nio-8083-exec-1] c.e.s.service.Impl.FollowServiceImpl     : Đang lấy danh sách người dùng chưa theo dõi của 'thanhbaoz'
2024-11-22T21:53:31.600+07:00  INFO 27448 --- [Social-application] [http-nio-8083-exec-1] c.e.s.service.Impl.FollowServiceImpl     : Danh sách người dùng chưa theo dõi của 'thanhbaoz' đã được lấy
2024-11-22T21:53:31.641+07:00  INFO 27448 --- [Social-application] [http-nio-8083-exec-3] c.e.s.service.Impl.FollowServiceImpl     : Số lượng người theo dõi của 'thanhbaoz' là: 3
2024-11-22T21:53:31.736+07:00  INFO 27448 --- [Social-application] [http-nio-8083-exec-10] c.e.s.service.Impl.FollowServiceImpl     : Số lượng người dùng đang theo dõi của 'thanhbaoz' là: 29
2024-11-22T21:53:31.922+07:00  INFO 27448 --- [Social-application] [http-nio-8083-exec-5] c.e.s.service.Impl.PostsServiceImpl      : Retrieved java.util.stream.ReferencePipeline$Head@32e418cb posts
2024-11-22T21:53:32.081+07:00  INFO 27448 --- [Social-application] [http-nio-8083-exec-6] c.e.s.service.Impl.FollowServiceImpl     : Đang lấy danh sách người dùng đang theo dõi của 'thanhbaoz'
2024-11-22T21:53:32.154+07:00  INFO 27448 --- [Social-application] [http-nio-8083-exec-6] c.e.s.service.Impl.FollowServiceImpl     : Danh sách người dùng đang theo dõi của 'thanhbaoz' đã được lấy
2024-11-22T21:53:32.181+07:00  INFO 27448 --- [Social-application] [http-nio-8083-exec-9] c.e.s.service.Impl.FollowServiceImpl     : Số lượng người dùng đang theo dõi của 'thanhbaoz' là: 29
2024-11-22T21:53:32.263+07:00  INFO 27448 --- [Social-application] [http-nio-8083-exec-1] c.e.s.service.Impl.PostsServiceImpl      : Number of posts by logged-in user thanhbaoz: 22
2024-11-22T21:53:32.671+07:00  INFO 27448 --- [Social-application] [http-nio-8083-exec-10] c.e.s.service.Impl.PostsServiceImpl      : Number of posts by logged-in user thanhbaoz: 22
2024-11-22T21:55:41.518+07:00  INFO 27448 --- [Social-application] [http-nio-8083-exec-6] c.e.s.service.Impl.UsersServiceImpl      : --LOGIN SUCCESSFUL FOR USER-- : thanhbaoz
2024-11-22T21:55:42.837+07:00  INFO 27448 --- [Social-application] [http-nio-8083-exec-3] c.e.s.service.Impl.FollowServiceImpl     : Số lượng người theo dõi của 'thanhbaoz' là: 3
2024-11-22T21:55:43.145+07:00  INFO 27448 --- [Social-application] [http-nio-8083-exec-7] c.e.s.service.Impl.PostsServiceImpl      : Retrieved java.util.stream.ReferencePipeline$Head@1c5b5a34 posts
2024-11-22T21:55:43.157+07:00  INFO 27448 --- [Social-application] [http-nio-8083-exec-2] c.e.s.service.Impl.FollowServiceImpl     : Đang lấy danh sách người dùng đang theo dõi của 'thanhbaoz'
2024-11-22T21:55:43.226+07:00  INFO 27448 --- [Social-application] [http-nio-8083-exec-2] c.e.s.service.Impl.FollowServiceImpl     : Danh sách người dùng đang theo dõi của 'thanhbaoz' đã được lấy
2024-11-22T21:55:43.227+07:00  INFO 27448 --- [Social-application] [http-nio-8083-exec-6] c.e.s.service.Impl.FollowServiceImpl     : Đang lấy danh sách người dùng chưa theo dõi của 'thanhbaoz'
2024-11-22T21:55:43.297+07:00  INFO 27448 --- [Social-application] [http-nio-8083-exec-6] c.e.s.service.Impl.FollowServiceImpl     : Danh sách người dùng chưa theo dõi của 'thanhbaoz' đã được lấy
2024-11-22T21:55:43.453+07:00  INFO 27448 --- [Social-application] [http-nio-8083-exec-9] c.e.s.service.Impl.FollowServiceImpl     : Số lượng người theo dõi của 'thanhbaoz' là: 3
2024-11-22T21:55:43.555+07:00  INFO 27448 --- [Social-application] [http-nio-8083-exec-1] c.e.s.service.Impl.FollowServiceImpl     : Số lượng người dùng đang theo dõi của 'thanhbaoz' là: 29
2024-11-22T21:55:43.607+07:00  INFO 27448 --- [Social-application] [http-nio-8083-exec-3] c.e.s.service.Impl.PostsServiceImpl      : Retrieved java.util.stream.ReferencePipeline$Head@30775080 posts
2024-11-22T21:55:43.703+07:00  INFO 27448 --- [Social-application] [http-nio-8083-exec-7] c.e.s.service.Impl.FollowServiceImpl     : Đang lấy danh sách người dùng đang theo dõi của 'thanhbaoz'
2024-11-22T21:55:43.770+07:00  INFO 27448 --- [Social-application] [http-nio-8083-exec-7] c.e.s.service.Impl.FollowServiceImpl     : Danh sách người dùng đang theo dõi của 'thanhbaoz' đã được lấy
2024-11-22T21:55:43.926+07:00  INFO 27448 --- [Social-application] [http-nio-8083-exec-2] c.e.s.service.Impl.FollowServiceImpl     : Đang lấy danh sách người dùng chưa theo dõi của 'thanhbaoz'
2024-11-22T21:55:43.971+07:00  INFO 27448 --- [Social-application] [http-nio-8083-exec-2] c.e.s.service.Impl.FollowServiceImpl     : Danh sách người dùng chưa theo dõi của 'thanhbaoz' đã được lấy
2024-11-22T21:55:44.028+07:00  INFO 27448 --- [Social-application] [http-nio-8083-exec-8] c.e.s.service.Impl.FollowServiceImpl     : Số lượng người dùng đang theo dõi của 'thanhbaoz' là: 29
2024-11-22T21:55:44.046+07:00  INFO 27448 --- [Social-application] [http-nio-8083-exec-6] c.e.s.service.Impl.PostsServiceImpl      : Number of posts by logged-in user thanhbaoz: 22
2024-11-22T21:55:44.361+07:00  INFO 27448 --- [Social-application] [http-nio-8083-exec-1] c.e.s.service.Impl.PostsServiceImpl      : Number of posts by logged-in user thanhbaoz: 22
2024-11-22T21:56:43.051+07:00  INFO 27448 --- [Social-application] [http-nio-8083-exec-2] c.e.s.service.Impl.UsersServiceImpl      : --LOGIN SUCCESSFUL FOR USER-- : thanhbaoz
2024-11-22T21:56:44.198+07:00  INFO 27448 --- [Social-application] [http-nio-8083-exec-6] c.e.s.service.Impl.FollowServiceImpl     : Đang lấy danh sách người dùng chưa theo dõi của 'thanhbaoz'
2024-11-22T21:56:44.208+07:00  INFO 27448 --- [Social-application] [http-nio-8083-exec-1] c.e.s.service.Impl.FollowServiceImpl     : Số lượng người theo dõi của 'thanhbaoz' là: 3
2024-11-22T21:56:44.249+07:00  INFO 27448 --- [Social-application] [http-nio-8083-exec-6] c.e.s.service.Impl.FollowServiceImpl     : Danh sách người dùng chưa theo dõi của 'thanhbaoz' đã được lấy
2024-11-22T21:56:44.305+07:00  INFO 27448 --- [Social-application] [http-nio-8083-exec-4] c.e.s.service.Impl.FollowServiceImpl     : Đang lấy danh sách người dùng chưa theo dõi của 'thanhbaoz'
2024-11-22T21:56:44.329+07:00  INFO 27448 --- [Social-application] [http-nio-8083-exec-4] c.e.s.service.Impl.FollowServiceImpl     : Danh sách người dùng chưa theo dõi của 'thanhbaoz' đã được lấy
2024-11-22T21:56:44.488+07:00  INFO 27448 --- [Social-application] [http-nio-8083-exec-8] c.e.s.service.Impl.PostsServiceImpl      : Retrieved java.util.stream.ReferencePipeline$Head@186f58cb posts
2024-11-22T21:56:44.500+07:00  INFO 27448 --- [Social-application] [http-nio-8083-exec-1] c.e.s.service.Impl.FollowServiceImpl     : Đang lấy danh sách người dùng đang theo dõi của 'thanhbaoz'
2024-11-22T21:56:44.565+07:00  INFO 27448 --- [Social-application] [http-nio-8083-exec-1] c.e.s.service.Impl.FollowServiceImpl     : Danh sách người dùng đang theo dõi của 'thanhbaoz' đã được lấy
2024-11-22T21:56:44.595+07:00  INFO 27448 --- [Social-application] [http-nio-8083-exec-9] c.e.s.service.Impl.FollowServiceImpl     : Số lượng người theo dõi của 'thanhbaoz' là: 3
2024-11-22T21:56:44.654+07:00  INFO 27448 --- [Social-application] [http-nio-8083-exec-3] c.e.s.service.Impl.FollowServiceImpl     : Số lượng người dùng đang theo dõi của 'thanhbaoz' là: 29
2024-11-22T21:56:44.931+07:00  INFO 27448 --- [Social-application] [http-nio-8083-exec-4] c.e.s.service.Impl.PostsServiceImpl      : Retrieved java.util.stream.ReferencePipeline$Head@76a04e5 posts
2024-11-22T21:56:44.970+07:00  INFO 27448 --- [Social-application] [http-nio-8083-exec-5] c.e.s.service.Impl.FollowServiceImpl     : Đang lấy danh sách người dùng đang theo dõi của 'thanhbaoz'
2024-11-22T21:56:45.034+07:00  INFO 27448 --- [Social-application] [http-nio-8083-exec-5] c.e.s.service.Impl.FollowServiceImpl     : Danh sách người dùng đang theo dõi của 'thanhbaoz' đã được lấy
2024-11-22T21:56:45.057+07:00  INFO 27448 --- [Social-application] [http-nio-8083-exec-8] c.e.s.service.Impl.FollowServiceImpl     : Số lượng người dùng đang theo dõi của 'thanhbaoz' là: 29
2024-11-22T21:56:45.074+07:00  INFO 27448 --- [Social-application] [http-nio-8083-exec-2] c.e.s.service.Impl.PostsServiceImpl      : Number of posts by logged-in user thanhbaoz: 22
2024-11-22T21:56:45.446+07:00  INFO 27448 --- [Social-application] [http-nio-8083-exec-9] c.e.s.service.Impl.PostsServiceImpl      : Number of posts by logged-in user thanhbaoz: 22
2024-11-22T21:56:46.978+07:00  INFO 27448 --- [Social-application] [http-nio-8083-exec-4] c.e.s.service.Impl.FollowServiceImpl     : Đang lấy danh sách bạn bè của 'thanhbaoz'
2024-11-22T21:56:47.021+07:00  INFO 27448 --- [Social-application] [http-nio-8083-exec-4] c.e.s.service.Impl.FollowServiceImpl     : Danh sách bạn bè của 'thanhbaoz' đã được lấy
2024-11-22T21:56:47.073+07:00  INFO 27448 --- [Social-application] [http-nio-8083-exec-10] c.e.s.service.Impl.FollowServiceImpl     : Đang lấy danh sách bạn bè của 'thanhbaoz'
2024-11-22T21:56:47.117+07:00  INFO 27448 --- [Social-application] [http-nio-8083-exec-10] c.e.s.service.Impl.FollowServiceImpl     : Danh sách bạn bè của 'thanhbaoz' đã được lấy
2024-11-22T22:00:58.933+07:00  INFO 27448 --- [Social-application] [SpringApplicationShutdownHook] o.s.m.s.b.SimpleBrokerMessageHandler     : Stopping...
2024-11-22T22:00:58.933+07:00  INFO 27448 --- [Social-application] [SpringApplicationShutdownHook] o.s.m.s.b.SimpleBrokerMessageHandler     : BrokerAvailabilityEvent[available=false, SimpleBrokerMessageHandler [org.springframework.messaging.simp.broker.DefaultSubscriptionRegistry@3d25ef62]]
2024-11-22T22:00:58.933+07:00  INFO 27448 --- [Social-application] [SpringApplicationShutdownHook] o.s.m.s.b.SimpleBrokerMessageHandler     : Stopped.
2024-11-22T22:00:58.953+07:00  INFO 27448 --- [Social-application] [SpringApplicationShutdownHook] com.zaxxer.hikari.HikariDataSource       : HikariPool-1 - Shutdown initiated...
2024-11-22T22:00:58.960+07:00  INFO 27448 --- [Social-application] [SpringApplicationShutdownHook] com.zaxxer.hikari.HikariDataSource       : HikariPool-1 - Shutdown completed.
